[debug] [2023-12-13T15:35:28.709Z] ----------------------------------------------------------------------
[debug] [2023-12-13T15:35:28.716Z] Command:       C:\Program Files\nodejs\node.exe C:\Users\metif\AppData\Roaming\npm\node_modules\firebase-tools\lib\bin\firebase.js init
[debug] [2023-12-13T15:35:28.718Z] CLI Version:   13.0.1
[debug] [2023-12-13T15:35:28.719Z] Platform:      win32
[debug] [2023-12-13T15:35:28.720Z] Node Version:  v18.17.1
[debug] [2023-12-13T15:35:28.723Z] Time:          Wed Dec 13 2023 10:35:28 GMT-0500 (hora estándar de Colombia)
[debug] [2023-12-13T15:35:28.723Z] ----------------------------------------------------------------------
[debug] 
[debug] [2023-12-13T15:35:28.755Z] > command requires scopes: ["email","openid","https://www.googleapis.com/auth/cloudplatformprojects.readonly","https://www.googleapis.com/auth/firebase","https://www.googleapis.com/auth/cloud-platform"]
[debug] [2023-12-13T15:35:28.758Z] > authorizing via signed-in user (esteman759@gmail.com)
[info] 
     ######## #### ########  ######## ########     ###     ######  ########
     ##        ##  ##     ## ##       ##     ##  ##   ##  ##       ##
     ######    ##  ########  ######   ########  #########  ######  ######
     ##        ##  ##    ##  ##       ##     ## ##     ##       ## ##
     ##       #### ##     ## ######## ########  ##     ##  ######  ########

You're about to initialize a Firebase project in this directory:

  C:\Users\metif\OneDrive\Desktop\jobs\landingpage

[debug] [2023-12-13T15:39:04.635Z] ----------------------------------------------------------------------
[debug] [2023-12-13T15:39:04.644Z] Command:       C:\Program Files\nodejs\node.exe C:\Users\metif\AppData\Roaming\npm\node_modules\firebase-tools\lib\bin\firebase.js init
[debug] [2023-12-13T15:39:04.646Z] CLI Version:   13.0.1
[debug] [2023-12-13T15:39:04.648Z] Platform:      win32
[debug] [2023-12-13T15:39:04.649Z] Node Version:  v18.17.1
[debug] [2023-12-13T15:39:04.653Z] Time:          Wed Dec 13 2023 10:39:04 GMT-0500 (hora estándar de Colombia)
[debug] [2023-12-13T15:39:04.653Z] ----------------------------------------------------------------------
[debug] 
[debug] [2023-12-13T15:39:04.691Z] > command requires scopes: ["email","openid","https://www.googleapis.com/auth/cloudplatformprojects.readonly","https://www.googleapis.com/auth/firebase","https://www.googleapis.com/auth/cloud-platform"]
[debug] [2023-12-13T15:39:04.696Z] > authorizing via signed-in user (esteman759@gmail.com)
[info] 
     ######## #### ########  ######## ########     ###     ######  ########
     ##        ##  ##     ## ##       ##     ##  ##   ##  ##       ##
     ######    ##  ########  ######   ########  #########  ######  ######
     ##        ##  ##    ##  ##       ##     ## ##     ##       ## ##
     ##       #### ##     ## ######## ########  ##     ##  ######  ########

You're about to initialize a Firebase project in this directory:

  C:\Users\metif\OneDrive\Desktop\jobs\landingpage

[info] 
=== Project Setup
[info] 
[info] First, let's associate this project directory with a Firebase project.
[info] You can create multiple project aliases by running firebase use --add, 
[info] but for now we'll just set up a default project.
[info] 
[debug] [2023-12-13T15:40:26.925Z] >>> [apiv2][query] GET https://firebase.googleapis.com/v1beta1/projects pageSize=100
[debug] [2023-12-13T15:40:27.771Z] <<< [apiv2][status] GET https://firebase.googleapis.com/v1beta1/projects 200
[debug] [2023-12-13T15:40:27.772Z] <<< [apiv2][body] GET https://firebase.googleapis.com/v1beta1/projects [omitted]
[info] i  Using project ruben-maya-web (Ruben-Maya-web) 
[info] 
=== Hosting Setup
[debug] [2023-12-13T15:41:33.925Z] >>> [apiv2][query] GET https://firebase.googleapis.com/v1beta1/projects/ruben-maya-web [none]
[debug] [2023-12-13T15:41:34.400Z] <<< [apiv2][status] GET https://firebase.googleapis.com/v1beta1/projects/ruben-maya-web 200
[debug] [2023-12-13T15:41:34.401Z] <<< [apiv2][body] GET https://firebase.googleapis.com/v1beta1/projects/ruben-maya-web {"projectId":"ruben-maya-web","projectNumber":"470876303833","displayName":"Ruben-Maya-web","name":"projects/ruben-maya-web","resources":{"hostingSite":"ruben-maya-web","realtimeDatabaseInstance":"ruben-maya-web","storageBucket":"ruben-maya-web.appspot.com","locationId":"us-central"},"state":"ACTIVE","etag":"1_904c2b50-5ddd-4cb8-8d54-72ce69b69676"}
[info] 
[info] Your public directory is the folder (relative to your project directory) that
[info] will contain Hosting assets to be uploaded with firebase deploy. If you
[info] have a build process for your assets, use your build's output directory.
[info] 
[info] +  Wrote ./ /404.html 
[debug] [2023-12-13T15:45:52.186Z] >>> [apiv2][query] GET https://www.gstatic.com/firebasejs/releases.json [none]
[debug] [2023-12-13T15:45:52.559Z] <<< [apiv2][status] GET https://www.gstatic.com/firebasejs/releases.json 200
[debug] [2023-12-13T15:45:52.560Z] <<< [apiv2][body] GET https://www.gstatic.com/firebasejs/releases.json {"current":{"version":"10.7.1","browserURL":"https://www.gstatic.com/firebasejs/10.7.1/firebase.js","packageURL":"https://www.gstatic.com/firebasejs/10.7.1/firebase.tgz"},"live":{"version":"10.7","browserURL":"https://www.gstatic.com/firebasejs/live/10.7/firebase.js","packageURL":"https://www.gstatic.com/firebasejs/live/10.7/firebase.tgz"},"components":{"analytics":"https://www.gstatic.com/firebasejs/10.7.1/firebase-analytics.js","app":"https://www.gstatic.com/firebasejs/10.7.1/firebase-app.js","app-check":"https://www.gstatic.com/firebasejs/10.7.1/firebase-app-check.js","auth":"https://www.gstatic.com/firebasejs/10.7.1/firebase-auth.js","auth/cordova":"https://www.gstatic.com/firebasejs/10.7.1/firebase-auth/cordova.js","functions":"https://www.gstatic.com/firebasejs/10.7.1/firebase-functions.js","firestore":"https://www.gstatic.com/firebasejs/10.7.1/firebase-firestore.js","firestore/lite":"https://www.gstatic.com/firebasejs/10.7.1/firebase-firestore/lite.js","installations":"https://www.gstatic.com/firebasejs/10.7.1/firebase-installations.js","storage":"https://www.gstatic.com/firebasejs/10.7.1/firebase-storage.js","performance":"https://www.gstatic.com/firebasejs/10.7.1/firebase-performance.js","remote-config":"https://www.gstatic.com/firebasejs/10.7.1/firebase-remote-config.js","messaging":"https://www.gstatic.com/firebasejs/10.7.1/firebase-messaging.js","messaging/sw":"https://www.gstatic.com/firebasejs/10.7.1/firebase-messaging/sw.js","database":"https://www.gstatic.com/firebasejs/10.7.1/firebase-database.js","firestore.memory":"https://www.gstatic.com/firebasejs/10.7.1/firebase-firestore.memory.js"}}
[info] +  Wrote ./ /index.html 
[info] 
[info] i  Didn't detect a .git folder. Assuming C:\Users\metif\OneDrive\Desktop\jobs\landingpage is the project root. 
[info] i  Authorizing with GitHub to upload your service account to a GitHub repository's secrets store. 
[info] 
[info] Visit this URL on this device to log in:
[info] https://github.com/login/oauth/authorize?client_id=89cf50f02ac6aaed3484&state=626150296&redirect_uri=http%3A%2F%2Flocalhost%3A9005&scope=read%3Auser%20repo%20public_repo
[info] 
[info] Waiting for authentication...
[debug] [2023-12-13T15:46:59.228Z] >>> [apiv2][query] POST https://github.com/login/oauth/access_token [none]
[debug] [2023-12-13T15:46:59.229Z] >>> [apiv2][body] POST https://github.com/login/oauth/access_token [stream]
[debug] [2023-12-13T15:46:59.783Z] <<< [apiv2][status] POST https://github.com/login/oauth/access_token 200
[debug] [2023-12-13T15:46:59.783Z] <<< [apiv2][body] POST https://github.com/login/oauth/access_token {"access_token":"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","token_type":"bearer","scope":"read:user,repo"}
[debug] [2023-12-13T15:46:59.830Z] >>> [apiv2][query] GET https://api.github.com/user [none]
[debug] [2023-12-13T15:47:00.283Z] <<< [apiv2][status] GET https://api.github.com/user 200
[debug] [2023-12-13T15:47:00.283Z] <<< [apiv2][body] GET https://api.github.com/user {"login":"rubenesteban","id":28762154,"node_id":"MDQ6VXNlcjI4NzYyMTU0","avatar_url":"https://avatars.githubusercontent.com/u/28762154?v=4","gravatar_id":"","url":"https://api.github.com/users/rubenesteban","html_url":"https://github.com/rubenesteban","followers_url":"https://api.github.com/users/rubenesteban/followers","following_url":"https://api.github.com/users/rubenesteban/following{/other_user}","gists_url":"https://api.github.com/users/rubenesteban/gists{/gist_id}","starred_url":"https://api.github.com/users/rubenesteban/starred{/owner}{/repo}","subscriptions_url":"https://api.github.com/users/rubenesteban/subscriptions","organizations_url":"https://api.github.com/users/rubenesteban/orgs","repos_url":"https://api.github.com/users/rubenesteban/repos","events_url":"https://api.github.com/users/rubenesteban/events{/privacy}","received_events_url":"https://api.github.com/users/rubenesteban/received_events","type":"User","site_admin":false,"name":null,"company":null,"blog":"","location":null,"email":null,"hireable":null,"bio":null,"twitter_username":null,"public_repos":67,"public_gists":0,"followers":0,"following":16,"created_at":"2017-05-17T16:46:55Z","updated_at":"2023-12-13T15:41:21Z","private_gists":0,"total_private_repos":15,"owned_private_repos":15,"disk_usage":268418,"collaborators":0,"two_factor_authentication":true,"plan":{"name":"free","space":976562499,"collaborators":0,"private_repos":10000}}
[info] 
[info] +  Success! Logged into GitHub as rubenesteban 
[info] 
[debug] [2023-12-13T15:52:09.390Z] >>> [apiv2][query] GET https://api.github.com/repos/rubenesteban/Ruben-Maya-web/actions/secrets/public-key type=owner
[debug] [2023-12-13T15:52:09.885Z] <<< [apiv2][status] GET https://api.github.com/repos/rubenesteban/Ruben-Maya-web/actions/secrets/public-key 404
[debug] [2023-12-13T15:52:09.886Z] <<< [apiv2][body] GET https://api.github.com/repos/rubenesteban/Ruben-Maya-web/actions/secrets/public-key {"message":"Not Found","documentation_url":"https://docs.github.com/rest/actions/secrets#get-a-repository-public-key"}
[info] 
[info] 
[error] !  The provided authorization cannot be used with this repository. If this repository is in an organization, did you remember to grant access? 
[info] 
[info] i  Action required: Visit this URL to ensure access has been granted to the appropriate organization(s) for the Firebase CLI GitHub OAuth App: 
[info] https://github.com/settings/connections/applications/89cf50f02ac6aaed3484
[info] 
